<?xml version="1.0" encoding="UTF-8"?>
<!-- Generated by org.testng.reporters.JUnitReportReporter -->
<testsuite hostname="IBM-Testing01" name="demowebshoptest1.Verifylogin" tests="1" failures="0" timestamp="9 Jan 2020 04:16:16 GMT" time="16.961" errors="0">
  <testcase name="checklogin" time="16.961" classname="demowebshoptest1.Verifylogin"/>
</testsuite> <!-- demowebshoptest1.Verifylogin -->
