<?xml version="1.0" encoding="UTF-8"?>
<!-- Generated by org.testng.reporters.JUnitReportReporter -->
<testsuite hostname="IBM-Testing01" name="demowebshoptest1.Verifyregistration" tests="1" failures="0" timestamp="9 Jan 2020 04:49:53 GMT" time="20.242" errors="0">
  <testcase name="checkregistration" time="20.242" classname="demowebshoptest1.Verifyregistration"/>
</testsuite> <!-- demowebshoptest1.Verifyregistration -->
